<?xml version="1.0" encoding="UTF-8"?>
<!-- Generated by org.testng.reporters.JUnitXMLReporter -->
<testsuite ignored="0" hostname="MACPK-WKS-0132" failures="0" tests="3" name="Default test" time="196.152" errors="0" timestamp="2021-01-28T01:06:16 PKT">
  <testcase classname="Master.ExecutionFile" name="Login_to_SWAARM" time="95.231"/>
  <testcase classname="Master.ExecutionFile" name="At_least_2_publishers_defined" time="18.533"/>
  <testcase classname="Master.ExecutionFile" name="At_least_1_offer_with_a_budget_defined" time="68.962"/>
</testsuite> <!-- Default test -->
