<?xml version="1.0" encoding="UTF-8"?>
<!-- Generated by org.testng.reporters.JUnitXMLReporter -->
<testsuite ignored="0" hostname="MACPK-WKS-0132" failures="0" tests="3" name="Default test" time="103.379" errors="0" timestamp="2021-01-28T10:54:41 PKT">
  <testcase classname="Master.ExecutionFile" name="Login_to_SWAARM" time="20.725"/>
  <testcase classname="Master.ExecutionFile" name="At_least_2_publishers_defined" time="7.7"/>
  <testcase classname="Master.ExecutionFile" name="At_least_1_offer_with_a_budget_defined" time="63.866"/>
</testsuite> <!-- Default test -->
