<?xml version="1.0" encoding="UTF-8"?>
<!-- Generated by org.testng.reporters.JUnitXMLReporter -->
<testsuite ignored="0" hostname="MACPK-WKS-0132" failures="0" tests="3" name="Test" time="111.111" errors="0" timestamp="2021-01-28T01:10:09 PKT">
  <testcase classname="Master.ExecutionFile" name="Login_to_SWAARM" time="28.472"/>
  <testcase classname="Master.ExecutionFile" name="At_least_2_publishers_defined" time="10.351"/>
  <testcase classname="Master.ExecutionFile" name="At_least_1_offer_with_a_budget_defined" time="63.439"/>
</testsuite> <!-- Test -->
