<?xml version="1.0" encoding="UTF-8"?>
<!-- Generated by org.testng.reporters.JUnitXMLReporter -->
<testsuite hostname="MACPK-ASIQA4" ignored="0" name="Test" tests="4" failures="0" timestamp="2021-01-27T16:18:45 PKT" time="208.04" errors="0">
  <testcase name="ConnectLoginApp" time="13.497" classname="Master.Level2Connect"/>
  <testcase name="Advanced_SearchResult" time="4.34" classname="Master.Level2Connect"/>
  <testcase name="DistCreditScore" time="127.554" classname="Master.Level2Connect"/>
  <testcase name="ASIMediaStats" time="38.808" classname="Master.Level2Connect"/>
</testsuite> <!-- Test -->
