<?xml version="1.0" encoding="UTF-8"?>
<testsuite xmlns:xsi="http://www.w3.org/2001/XMLSchema-instance" xsi:noNamespaceSchemaLocation="https://maven.apache.org/surefire/maven-surefire-plugin/xsd/surefire-test-report-3.0.xsd" version="3.0" name="TestSuite" time="208.728" tests="4" errors="0" skipped="0" failures="0">
  <properties>
[...]
</properties>
  <testcase name="ConnectLoginApp" classname="Master.Level2Connect" time="13.498"/>
  <testcase name="Advanced_SearchResult" classname="Master.Level2Connect" time="4.34"/>
  <testcase name="DistCreditScore" classname="Master.Level2Connect" time="127.554"/>
  <testcase name="ASIMediaStats" classname="Master.Level2Connect" time="38.808"/>
</testsuite>