<?xml version="1.0" encoding="UTF-8"?>
<!-- Generated by org.testng.reporters.JUnitXMLReporter -->
<testsuite hostname="MACPK-ASIQA4" ignored="0" name="Command line test" tests="3" failures="0" timestamp="2021-01-27T17:22:44 PKT" time="79.514" errors="0">
  <testcase name="Login_to_SWAARM" time="10.131" classname="Master.ExecutionFile"/>
  <testcase name="At_least_2_publishers_defined" time="6.527" classname="Master.ExecutionFile"/>
  <testcase name="At_least_1_offer_with_a_budget_defined" time="57.687" classname="Master.ExecutionFile"/>
</testsuite> <!-- Command line test -->
